digraph Tree {
node [shape=box, style="filled, rounded", color="black", fontname=helvetica] ;
edge [fontname=helvetica] ;
0 [label=<X<SUB>0</SUB> &le; 2.5<br/>gini = 0.42<br/>samples = 1000<br/>value = [700, 300]>, fillcolor="#e5813992"] ;
1 [label=<X<SUB>1</SUB> &le; 22.5<br/>gini = 0.4933<br/>samples = 543<br/>value = [303, 240]>, fillcolor="#e5813935"] ;
0 -> 1 [labeldistance=2.5, labelangle=45, headlabel="True"] ;
2 [label=<X<SUB>2</SUB> &le; 1.5<br/>gini = 0.4528<br/>samples = 306<br/>value = [200, 106]>, fillcolor="#e5813978"] ;
1 -> 2 ;
3 [label=<X<SUB>13</SUB> &le; 1.5<br/>gini = 0.375<br/>samples = 28<br/>value = [7, 21]>, fillcolor="#399de5aa"] ;
2 -> 3 ;
4 [label=<gini = 0.1884<br/>samples = 19<br/>value = [2, 17]>, fillcolor="#399de5e1"] ;
3 -> 4 ;
5 [label=<gini = 0.4938<br/>samples = 9<br/>value = [5, 4]>, fillcolor="#e5813933"] ;
3 -> 5 ;
6 [label=<X<SUB>3</SUB> &le; 87.5<br/>gini = 0.4245<br/>samples = 278<br/>value = [193, 85]>, fillcolor="#e581398f"] ;
2 -> 6 ;
7 [label=<gini = 0.4165<br/>samples = 274<br/>value = [193, 81]>, fillcolor="#e5813994"] ;
6 -> 7 ;
8 [label=<gini = 0.0<br/>samples = 4<br/>value = [0, 4]>, fillcolor="#399de5ff"] ;
6 -> 8 ;
9 [label=<X<SUB>4</SUB> &le; 3.5<br/>gini = 0.4914<br/>samples = 237<br/>value = [103, 134]>, fillcolor="#399de53b"] ;
1 -> 9 ;
10 [label=<X<SUB>1</SUB> &le; 47.5<br/>gini = 0.47<br/>samples = 196<br/>value = [74, 122]>, fillcolor="#399de564"] ;
9 -> 10 ;
11 [label=<gini = 0.4905<br/>samples = 160<br/>value = [69, 91]>, fillcolor="#399de53e"] ;
10 -> 11 ;
12 [label=<gini = 0.2392<br/>samples = 36<br/>value = [5, 31]>, fillcolor="#399de5d6"] ;
10 -> 12 ;
13 [label=<X<SUB>0</SUB> &le; 1.5<br/>gini = 0.414<br/>samples = 41<br/>value = [29, 12]>, fillcolor="#e5813995"] ;
9 -> 13 ;
14 [label=<gini = 0.4844<br/>samples = 17<br/>value = [7, 10]>, fillcolor="#399de54d"] ;
13 -> 14 ;
15 [label=<gini = 0.1528<br/>samples = 24<br/>value = [22, 2]>, fillcolor="#e58139e8"] ;
13 -> 15 ;
16 [label=<X<SUB>10</SUB> &le; 2.5<br/>gini = 0.2281<br/>samples = 457<br/>value = [397, 60]>, fillcolor="#e58139d8"] ;
0 -> 16 [labeldistance=2.5, labelangle=-45, headlabel="False"] ;
17 [label=<X<SUB>9</SUB> &le; 44.5<br/>gini = 0.4114<br/>samples = 76<br/>value = [54, 22]>, fillcolor="#e5813997"] ;
16 -> 17 ;
18 [label=<X<SUB>9</SUB> &le; 36.5<br/>gini = 0.4585<br/>samples = 59<br/>value = [38, 21]>, fillcolor="#e5813972"] ;
17 -> 18 ;
19 [label=<gini = 0.3807<br/>samples = 43<br/>value = [32, 11]>, fillcolor="#e58139a7"] ;
18 -> 19 ;
20 [label=<gini = 0.4688<br/>samples = 16<br/>value = [6, 10]>, fillcolor="#399de566"] ;
18 -> 20 ;
21 [label=<X<SUB>8</SUB> &le; 1.5<br/>gini = 0.1107<br/>samples = 17<br/>value = [16, 1]>, fillcolor="#e58139ef"] ;
17 -> 21 ;
22 [label=<gini = 0.0<br/>samples = 1<br/>value = [0, 1]>, fillcolor="#399de5ff"] ;
21 -> 22 ;
23 [label=<gini = 0.0<br/>samples = 16<br/>value = [16, 0]>, fillcolor="#e58139ff"] ;
21 -> 23 ;
24 [label=<X<SUB>5</SUB> &le; 2.5<br/>gini = 0.1796<br/>samples = 381<br/>value = [343, 38]>, fillcolor="#e58139e3"] ;
16 -> 24 ;
25 [label=<X<SUB>3</SUB> &le; 67.0<br/>gini = 0.3343<br/>samples = 66<br/>value = [52, 14]>, fillcolor="#e58139ba"] ;
24 -> 25 ;
26 [label=<gini = 0.2706<br/>samples = 62<br/>value = [52, 10]>, fillcolor="#e58139ce"] ;
25 -> 26 ;
27 [label=<gini = 0.0<br/>samples = 4<br/>value = [0, 4]>, fillcolor="#399de5ff"] ;
25 -> 27 ;
28 [label=<X<SUB>9</SUB> &le; 30.5<br/>gini = 0.1408<br/>samples = 315<br/>value = [291, 24]>, fillcolor="#e58139ea"] ;
24 -> 28 ;
29 [label=<gini = 0.2349<br/>samples = 103<br/>value = [89, 14]>, fillcolor="#e58139d7"] ;
28 -> 29 ;
30 [label=<gini = 0.0899<br/>samples = 212<br/>value = [202, 10]>, fillcolor="#e58139f2"] ;
28 -> 30 ;
}